{"uuid":"0d4ac744-8b7b-48f3-8114-93187fea951a","historyId":"b33052d9629ad1e5ddba1b589bc0265c","testCaseId":"2d51987fa8c1f6774d24c48101779377","fullName":"src/test/resources/uitestingfeaturefiles/Coach.feature:12","labels":[{"name":"tag","value":"ProfileUpdate"},{"name":"host","value":"EPINHYDW0BB7"},{"name":"thread","value":"23780@EPINHYDW0BB7.main(1)"},{"name":"feature","value":"Coach functionalities"},{"name":"story","value":"Views profile and updates profile"},{"name":"suite","value":"Coach functionalities"},{"name":"testClass","value":"Views profile and updates profile"},{"name":"framework","value":"cucumber4jvm"},{"name":"language","value":"java"},{"name":"gherkin_uri","value":"file:///C:/Users/sruthi_s/IdeaProjects/GYMManagementProject/src/test/resources/uitestingfeaturefiles/Coach.feature"},{"name":"package","value":"src.test.resources.uitestingfeaturefiles.Coach_feature.Coach functionalities"}],"links":[],"name":"Views profile and updates profile","status":"broken","statusDetails":{"known":false,"muted":false,"flaky":false,"message":"element click intercepted: Element <div tabindex=\"0\" role=\"combobox\" aria-controls=\":r5:\" aria-expanded=\"false\" aria-haspopup=\"listbox\" aria-labelledby=\"mui-component-select-specializations\" id=\"mui-component-select-specializations\" class=\"MuiSelect-select MuiSelect-outlined MuiSelect-multiple MuiInputBase-input MuiOutlinedInput-input css-3bukjr\">...</div> is not clickable at point (639, 648). Other element would receive the click: <div class=\"Toastify__toast-container Toastify__toast-container--bottom-center\">...</div>\n  (Session info: chrome=130.0.6723.58)\nBuild info: version: '4.24.0', revision: '748ffc9bc3'\nSystem info: os.name: 'Windows 11', os.arch: 'amd64', os.version: '10.0', java.version: '17.0.12'\nDriver info: org.openqa.selenium.chrome.ChromeDriver\nCommand: [8776f4e781fa80edb0e58a576b4cbbcb, clickElement {id=f.D1C7F882050EBD4D7CDF573EB8943C8F.d.8C1B8BC19AD804D7F22E115EBBA8ABB4.e.64}]\nCapabilities {acceptInsecureCerts: false, browserName: chrome, browserVersion: 130.0.6723.58, chrome: {chromedriverVersion: 130.0.6723.58 (3a50e012e4c9..., userDataDir: C:\\Users\\sruthi_s\\AppData\\L...}, fedcm:accounts: true, goog:chromeOptions: {debuggerAddress: localhost:57127}, networkConnectionEnabled: false, pageLoadStrategy: normal, platformName: windows, proxy: Proxy(), se:cdp: ws://localhost:57127/devtoo..., se:cdpVersion: 130.0.6723.58, setWindowRect: true, strictFileInteractability: false, timeouts: {implicit: 0, pageLoad: 300000, script: 30000}, unhandledPromptBehavior: dismiss and notify, webauthn:extension:credBlob: true, webauthn:extension:largeBlob: true, webauthn:extension:minPinLength: true, webauthn:extension:prf: true, webauthn:virtualAuthenticators: true}\nElement: [[ChromeDriver: chrome on windows (8776f4e781fa80edb0e58a576b4cbbcb)] -> xpath: //div[@class='MuiInputBase-root MuiOutlinedInput-root MuiInputBase-colorPrimary MuiInputBase-formControl css-1nkdfbc']//div[@role='combobox' and @id='mui-component-select-specializations']]\nSession ID: 8776f4e781fa80edb0e58a576b4cbbcb","trace":"org.openqa.selenium.ElementClickInterceptedException: element click intercepted: Element <div tabindex=\"0\" role=\"combobox\" aria-controls=\":r5:\" aria-expanded=\"false\" aria-haspopup=\"listbox\" aria-labelledby=\"mui-component-select-specializations\" id=\"mui-component-select-specializations\" class=\"MuiSelect-select MuiSelect-outlined MuiSelect-multiple MuiInputBase-input MuiOutlinedInput-input css-3bukjr\">...</div> is not clickable at point (639, 648). Other element would receive the click: <div class=\"Toastify__toast-container Toastify__toast-container--bottom-center\">...</div>\n  (Session info: chrome=130.0.6723.58)\nBuild info: version: '4.24.0', revision: '748ffc9bc3'\nSystem info: os.name: 'Windows 11', os.arch: 'amd64', os.version: '10.0', java.version: '17.0.12'\nDriver info: org.openqa.selenium.chrome.ChromeDriver\nCommand: [8776f4e781fa80edb0e58a576b4cbbcb, clickElement {id=f.D1C7F882050EBD4D7CDF573EB8943C8F.d.8C1B8BC19AD804D7F22E115EBBA8ABB4.e.64}]\nCapabilities {acceptInsecureCerts: false, browserName: chrome, browserVersion: 130.0.6723.58, chrome: {chromedriverVersion: 130.0.6723.58 (3a50e012e4c9..., userDataDir: C:\\Users\\sruthi_s\\AppData\\L...}, fedcm:accounts: true, goog:chromeOptions: {debuggerAddress: localhost:57127}, networkConnectionEnabled: false, pageLoadStrategy: normal, platformName: windows, proxy: Proxy(), se:cdp: ws://localhost:57127/devtoo..., se:cdpVersion: 130.0.6723.58, setWindowRect: true, strictFileInteractability: false, timeouts: {implicit: 0, pageLoad: 300000, script: 30000}, unhandledPromptBehavior: dismiss and notify, webauthn:extension:credBlob: true, webauthn:extension:largeBlob: true, webauthn:extension:minPinLength: true, webauthn:extension:prf: true, webauthn:virtualAuthenticators: true}\nElement: [[ChromeDriver: chrome on windows (8776f4e781fa80edb0e58a576b4cbbcb)] -> xpath: //div[@class='MuiInputBase-root MuiOutlinedInput-root MuiInputBase-colorPrimary MuiInputBase-formControl css-1nkdfbc']//div[@role='combobox' and @id='mui-component-select-specializations']]\nSession ID: 8776f4e781fa80edb0e58a576b4cbbcb\r\n\tat java.base/jdk.internal.reflect.NativeConstructorAccessorImpl.newInstance0(Native Method)\r\n\tat java.base/jdk.internal.reflect.NativeConstructorAccessorImpl.newInstance(NativeConstructorAccessorImpl.java:77)\r\n\tat java.base/jdk.internal.reflect.DelegatingConstructorAccessorImpl.newInstance(DelegatingConstructorAccessorImpl.java:45)\r\n\tat java.base/java.lang.reflect.Constructor.newInstanceWithCaller(Constructor.java:500)\r\n\tat java.base/java.lang.reflect.Constructor.newInstance(Constructor.java:481)\r\n\tat org.openqa.selenium.remote.ErrorCodec.decode(ErrorCodec.java:167)\r\n\tat org.openqa.selenium.remote.codec.w3c.W3CHttpResponseCodec.decode(W3CHttpResponseCodec.java:138)\r\n\tat org.openqa.selenium.remote.codec.w3c.W3CHttpResponseCodec.decode(W3CHttpResponseCodec.java:50)\r\n\tat org.openqa.selenium.remote.HttpCommandExecutor.execute(HttpCommandExecutor.java:190)\r\n\tat org.openqa.selenium.remote.service.DriverCommandExecutor.invokeExecute(DriverCommandExecutor.java:216)\r\n\tat org.openqa.selenium.remote.service.DriverCommandExecutor.execute(DriverCommandExecutor.java:174)\r\n\tat org.openqa.selenium.remote.RemoteWebDriver.execute(RemoteWebDriver.java:545)\r\n\tat org.openqa.selenium.remote.RemoteWebElement.execute(RemoteWebElement.java:223)\r\n\tat org.openqa.selenium.remote.RemoteWebElement.click(RemoteWebElement.java:76)\r\n\tat pages.Coach.fillProfileForm(Coach.java:73)\r\n\tat uitesting.stepdefinationclasses.CoachRoleSteps.iShouldFillTheFormAndClickOnTheUpdateButton(CoachRoleSteps.java:126)\r\n\tat ✽.I should fill the form and click on the update button(file:///C:/Users/sruthi_s/IdeaProjects/GYMManagementProject/src/test/resources/uitestingfeaturefiles/Coach.feature:15)\r\n"},"stage":"finished","steps":[{"name":"Given Coach opened the Gym Management Application","status":"passed","statusDetails":{"known":false,"muted":false,"flaky":false},"stage":"finished","steps":[],"attachments":[],"parameters":[],"start":1729085399623,"stop":1729085399777},{"name":"When Coach collect the email and password from config3 properties file","status":"passed","statusDetails":{"known":false,"muted":false,"flaky":false},"stage":"finished","steps":[],"attachments":[],"parameters":[],"start":1729085399777,"stop":1729085400099},{"name":"And Coach should click Login button","status":"passed","statusDetails":{"known":false,"muted":false,"flaky":false},"stage":"finished","steps":[],"attachments":[],"parameters":[],"start":1729085400099,"stop":1729085400278},{"name":"Then Coach should get a success message \"Successfully Logged in\"","status":"passed","statusDetails":{"known":false,"muted":false,"flaky":false},"stage":"finished","steps":[],"attachments":[],"parameters":[],"start":1729085400278,"stop":1729085404077},{"name":"Then redirected to the workouts list page","status":"passed","statusDetails":{"known":false,"muted":false,"flaky":false},"stage":"finished","steps":[],"attachments":[],"parameters":[],"start":1729085404077,"stop":1729085405295},{"name":"When I clicked on the profile icon","status":"passed","statusDetails":{"known":false,"muted":false,"flaky":false},"stage":"finished","steps":[],"attachments":[],"parameters":[],"start":1729085405306,"stop":1729085405632},{"name":"Then I should click on the edit profile button","status":"passed","statusDetails":{"known":false,"muted":false,"flaky":false},"stage":"finished","steps":[],"attachments":[],"parameters":[],"start":1729085405632,"stop":1729085405781},{"name":"And I should fill the form and click on the update button","status":"broken","statusDetails":{"known":false,"muted":false,"flaky":false,"message":"element click intercepted: Element <div tabindex=\"0\" role=\"combobox\" aria-controls=\":r5:\" aria-expanded=\"false\" aria-haspopup=\"listbox\" aria-labelledby=\"mui-component-select-specializations\" id=\"mui-component-select-specializations\" class=\"MuiSelect-select MuiSelect-outlined MuiSelect-multiple MuiInputBase-input MuiOutlinedInput-input css-3bukjr\">...</div> is not clickable at point (639, 648). Other element would receive the click: <div class=\"Toastify__toast-container Toastify__toast-container--bottom-center\">...</div>\n  (Session info: chrome=130.0.6723.58)\nBuild info: version: '4.24.0', revision: '748ffc9bc3'\nSystem info: os.name: 'Windows 11', os.arch: 'amd64', os.version: '10.0', java.version: '17.0.12'\nDriver info: org.openqa.selenium.chrome.ChromeDriver\nCommand: [8776f4e781fa80edb0e58a576b4cbbcb, clickElement {id=f.D1C7F882050EBD4D7CDF573EB8943C8F.d.8C1B8BC19AD804D7F22E115EBBA8ABB4.e.64}]\nCapabilities {acceptInsecureCerts: false, browserName: chrome, browserVersion: 130.0.6723.58, chrome: {chromedriverVersion: 130.0.6723.58 (3a50e012e4c9..., userDataDir: C:\\Users\\sruthi_s\\AppData\\L...}, fedcm:accounts: true, goog:chromeOptions: {debuggerAddress: localhost:57127}, networkConnectionEnabled: false, pageLoadStrategy: normal, platformName: windows, proxy: Proxy(), se:cdp: ws://localhost:57127/devtoo..., se:cdpVersion: 130.0.6723.58, setWindowRect: true, strictFileInteractability: false, timeouts: {implicit: 0, pageLoad: 300000, script: 30000}, unhandledPromptBehavior: dismiss and notify, webauthn:extension:credBlob: true, webauthn:extension:largeBlob: true, webauthn:extension:minPinLength: true, webauthn:extension:prf: true, webauthn:virtualAuthenticators: true}\nElement: [[ChromeDriver: chrome on windows (8776f4e781fa80edb0e58a576b4cbbcb)] -> xpath: //div[@class='MuiInputBase-root MuiOutlinedInput-root MuiInputBase-colorPrimary MuiInputBase-formControl css-1nkdfbc']//div[@role='combobox' and @id='mui-component-select-specializations']]\nSession ID: 8776f4e781fa80edb0e58a576b4cbbcb","trace":"org.openqa.selenium.ElementClickInterceptedException: element click intercepted: Element <div tabindex=\"0\" role=\"combobox\" aria-controls=\":r5:\" aria-expanded=\"false\" aria-haspopup=\"listbox\" aria-labelledby=\"mui-component-select-specializations\" id=\"mui-component-select-specializations\" class=\"MuiSelect-select MuiSelect-outlined MuiSelect-multiple MuiInputBase-input MuiOutlinedInput-input css-3bukjr\">...</div> is not clickable at point (639, 648). Other element would receive the click: <div class=\"Toastify__toast-container Toastify__toast-container--bottom-center\">...</div>\n  (Session info: chrome=130.0.6723.58)\nBuild info: version: '4.24.0', revision: '748ffc9bc3'\nSystem info: os.name: 'Windows 11', os.arch: 'amd64', os.version: '10.0', java.version: '17.0.12'\nDriver info: org.openqa.selenium.chrome.ChromeDriver\nCommand: [8776f4e781fa80edb0e58a576b4cbbcb, clickElement {id=f.D1C7F882050EBD4D7CDF573EB8943C8F.d.8C1B8BC19AD804D7F22E115EBBA8ABB4.e.64}]\nCapabilities {acceptInsecureCerts: false, browserName: chrome, browserVersion: 130.0.6723.58, chrome: {chromedriverVersion: 130.0.6723.58 (3a50e012e4c9..., userDataDir: C:\\Users\\sruthi_s\\AppData\\L...}, fedcm:accounts: true, goog:chromeOptions: {debuggerAddress: localhost:57127}, networkConnectionEnabled: false, pageLoadStrategy: normal, platformName: windows, proxy: Proxy(), se:cdp: ws://localhost:57127/devtoo..., se:cdpVersion: 130.0.6723.58, setWindowRect: true, strictFileInteractability: false, timeouts: {implicit: 0, pageLoad: 300000, script: 30000}, unhandledPromptBehavior: dismiss and notify, webauthn:extension:credBlob: true, webauthn:extension:largeBlob: true, webauthn:extension:minPinLength: true, webauthn:extension:prf: true, webauthn:virtualAuthenticators: true}\nElement: [[ChromeDriver: chrome on windows (8776f4e781fa80edb0e58a576b4cbbcb)] -> xpath: //div[@class='MuiInputBase-root MuiOutlinedInput-root MuiInputBase-colorPrimary MuiInputBase-formControl css-1nkdfbc']//div[@role='combobox' and @id='mui-component-select-specializations']]\nSession ID: 8776f4e781fa80edb0e58a576b4cbbcb\r\n\tat java.base/jdk.internal.reflect.NativeConstructorAccessorImpl.newInstance0(Native Method)\r\n\tat java.base/jdk.internal.reflect.NativeConstructorAccessorImpl.newInstance(NativeConstructorAccessorImpl.java:77)\r\n\tat java.base/jdk.internal.reflect.DelegatingConstructorAccessorImpl.newInstance(DelegatingConstructorAccessorImpl.java:45)\r\n\tat java.base/java.lang.reflect.Constructor.newInstanceWithCaller(Constructor.java:500)\r\n\tat java.base/java.lang.reflect.Constructor.newInstance(Constructor.java:481)\r\n\tat org.openqa.selenium.remote.ErrorCodec.decode(ErrorCodec.java:167)\r\n\tat org.openqa.selenium.remote.codec.w3c.W3CHttpResponseCodec.decode(W3CHttpResponseCodec.java:138)\r\n\tat org.openqa.selenium.remote.codec.w3c.W3CHttpResponseCodec.decode(W3CHttpResponseCodec.java:50)\r\n\tat org.openqa.selenium.remote.HttpCommandExecutor.execute(HttpCommandExecutor.java:190)\r\n\tat org.openqa.selenium.remote.service.DriverCommandExecutor.invokeExecute(DriverCommandExecutor.java:216)\r\n\tat org.openqa.selenium.remote.service.DriverCommandExecutor.execute(DriverCommandExecutor.java:174)\r\n\tat org.openqa.selenium.remote.RemoteWebDriver.execute(RemoteWebDriver.java:545)\r\n\tat org.openqa.selenium.remote.RemoteWebElement.execute(RemoteWebElement.java:223)\r\n\tat org.openqa.selenium.remote.RemoteWebElement.click(RemoteWebElement.java:76)\r\n\tat pages.Coach.fillProfileForm(Coach.java:73)\r\n\tat uitesting.stepdefinationclasses.CoachRoleSteps.iShouldFillTheFormAndClickOnTheUpdateButton(CoachRoleSteps.java:126)\r\n\tat ✽.I should fill the form and click on the update button(file:///C:/Users/sruthi_s/IdeaProjects/GYMManagementProject/src/test/resources/uitestingfeaturefiles/Coach.feature:15)\r\n"},"stage":"finished","steps":[],"attachments":[],"parameters":[],"start":1729085405781,"stop":1729085408278},{"name":"Then I should see the message profile updated.","status":"skipped","statusDetails":{"known":false,"muted":false,"flaky":false},"stage":"finished","steps":[],"attachments":[],"parameters":[],"start":1729085408288,"stop":1729085408289},{"name":"And click logout button","status":"skipped","statusDetails":{"known":false,"muted":false,"flaky":false},"stage":"finished","steps":[],"attachments":[],"parameters":[],"start":1729085408289,"stop":1729085408289}],"attachments":[],"parameters":[],"start":1729085390698,"stop":1729085408305}